# JRE version: OpenJDK Runtime Environment (8.0_262-b10) (build 1.8.0_262-b10)
# Java VM: OpenJDK 64-Bit Server VM (25.262-b10 mixed mode windows-amd64 compressed oops)
Heap:
 par new generation   total 314560K, used 8939K [0x00000000c0000000, 0x00000000d5550000, 0x00000000d5550000)
  eden space 279616K,   3% used [0x00000000c0000000, 0x00000000c08baee0, 0x00000000d1110000)
  from space 34944K,   0% used [0x00000000d3330000, 0x00000000d3330000, 0x00000000d5550000)
  to   space 34944K,   0% used [0x00000000d1110000, 0x00000000d1110000, 0x00000000d3330000)
 concurrent mark-sweep generation total 699072K, used 127462K [0x00000000d5550000, 0x0000000100000000, 0x0000000100000000)
 Metaspace       used 61531K, capacity 62556K, committed 62720K, reserved 1103872K
  class space    used 7875K, capacity 8171K, committed 8192K, reserved 1048576K
GC Heap History (10 events):
Event: 209.617 GC heap before
{Heap before GC invocations=402 (full 516):
 par new generation   total 314560K, used 16539K [0x00000000c0000000, 0x00000000d5550000, 0x00000000d5550000)
  eden space 279616K,   5% used [0x00000000c0000000, 0x00000000c0ff44b8, 0x00000000d1110000)
  from space 34944K,   0% used [0x00000000d1110000, 0x00000000d1142928, 0x00000000d3330000)
  to   space 34944K,   0% used [0x00000000d3330000, 0x00000000d3330000, 0x00000000d5550000)
 concurrent mark-sweep generation total 699072K, used 143000K [0x00000000d5550000, 0x0000000100000000, 0x0000000100000000)
 Metaspace       used 61408K, capacity 62422K, committed 62720K, reserved 1103872K
  class space    used 7865K, capacity 8168K, committed 8192K, reserved 1048576K
Event: 209.801 GC heap after
Heap after GC invocations=403 (full 517):
 par new generation   total 314560K, used 0K [0x00000000c0000000, 0x00000000d5550000, 0x00000000d5550000)
  eden space 279616K,   0% used [0x00000000c0000000, 0x00000000c0000000, 0x00000000d1110000)
  from space 34944K,   0% used [0x00000000d1110000, 0x00000000d1110000, 0x00000000d3330000)
  to   space 34944K,   0% used [0x00000000d3330000, 0x00000000d3330000, 0x00000000d5550000)
 concurrent mark-sweep generation total 699072K, used 139880K [0x00000000d5550000, 0x0000000100000000, 0x0000000100000000)
 Metaspace       used 61408K, capacity 62422K, committed 62720K, reserved 1103872K
  class space    used 7865K, capacity 8168K, committed 8192K, reserved 1048576K
}
Event: 210.119 GC heap before
{Heap before GC invocations=403 (full 517):
 par new generation   total 314560K, used 15591K [0x00000000c0000000, 0x00000000d5550000, 0x00000000d5550000)
  eden space 279616K,   5% used [0x00000000c0000000, 0x00000000c0f39e18, 0x00000000d1110000)
  from space 34944K,   0% used [0x00000000d1110000, 0x00000000d1110000, 0x00000000d3330000)
  to   space 34944K,   0% used [0x00000000d3330000, 0x00000000d3330000, 0x00000000d5550000)
 concurrent mark-sweep generation total 699072K, used 139880K [0x00000000d5550000, 0x0000000100000000, 0x0000000100000000)
 Metaspace       used 61408K, capacity 62422K, committed 62720K, reserved 1103872K
  class space    used 7865K, capacity 8168K, committed 8192K, reserved 1048576K
Event: 210.294 GC heap after
Heap after GC invocations=404 (full 518):
 par new generation   total 314560K, used 0K [0x00000000c0000000, 0x00000000d5550000, 0x00000000d5550000)
  eden space 279616K,   0% used [0x00000000c0000000, 0x00000000c0000000, 0x00000000d1110000)
  from space 34944K,   0% used [0x00000000d1110000, 0x00000000d1110000, 0x00000000d3330000)
  to   space 34944K,   0% used [0x00000000d3330000, 0x00000000d3330000, 0x00000000d5550000)
 concurrent mark-sweep generation total 699072K, used 138578K [0x00000000d5550000, 0x0000000100000000, 0x0000000100000000)
 Metaspace       used 61408K, capacity 62422K, committed 62720K, reserved 1103872K
  class space    used 7865K, capacity 8168K, committed 8192K, reserved 1048576K
}
Event: 210.624 GC heap before
{Heap before GC invocations=404 (full 519):
 par new generation   total 314560K, used 17735K [0x00000000c0000000, 0x00000000d5550000, 0x00000000d5550000)
  eden space 279616K,   6% used [0x00000000c0000000, 0x00000000c1151d88, 0x00000000d1110000)
  from space 34944K,   0% used [0x00000000d1110000, 0x00000000d1110000, 0x00000000d3330000)
  to   space 34944K,   0% used [0x00000000d3330000, 0x00000000d3330000, 0x00000000d5550000)
 concurrent mark-sweep generation total 699072K, used 138578K [0x00000000d5550000, 0x0000000100000000, 0x0000000100000000)
 Metaspace       used 61408K, capacity 62422K, committed 62720K, reserved 1103872K
  class space    used 7865K, capacity 8168K, committed 8192K, reserved 1048576K
Event: 210.825 GC heap after
Heap after GC invocations=405 (full 520):
 par new generation   total 314560K, used 0K [0x00000000c0000000, 0x00000000d5550000, 0x00000000d5550000)
  eden space 279616K,   0% used [0x00000000c0000000, 0x00000000c0000000, 0x00000000d1110000)
  from space 34944K,   0% used [0x00000000d1110000, 0x00000000d1110000, 0x00000000d3330000)
  to   space 34944K,   0% used [0x00000000d3330000, 0x00000000d3330000, 0x00000000d5550000)
 concurrent mark-sweep generation total 699072K, used 137331K [0x00000000d5550000, 0x0000000100000000, 0x0000000100000000)
 Metaspace       used 61408K, capacity 62422K, committed 62720K, reserved 1103872K
  class space    used 7865K, capacity 8168K, committed 8192K, reserved 1048576K
}
Event: 211.121 GC heap before
{Heap before GC invocations=405 (full 520):
 par new generation   total 314560K, used 27412K [0x00000000c0000000, 0x00000000d5550000, 0x00000000d5550000)
  eden space 279616K,   9% used [0x00000000c0000000, 0x00000000c1ac5398, 0x00000000d1110000)
  from space 34944K,   0% used [0x00000000d1110000, 0x00000000d1110000, 0x00000000d3330000)
  to   space 34944K,   0% used [0x00000000d3330000, 0x00000000d3330000, 0x00000000d5550000)
 concurrent mark-sweep generation total 699072K, used 137331K [0x00000000d5550000, 0x0000000100000000, 0x0000000100000000)
 Metaspace       used 61496K, capacity 62490K, committed 62720K, reserved 1103872K
  class space    used 7872K, capacity 8170K, committed 8192K, reserved 1048576K
Event: 211.124 GC heap after
Heap after GC invocations=406 (full 520):
 par new generation   total 314560K, used 5424K [0x00000000c0000000, 0x00000000d5550000, 0x00000000d5550000)
  eden space 279616K,   0% used [0x00000000c0000000, 0x00000000c0000000, 0x00000000d1110000)
  from space 34944K,  15% used [0x00000000d3330000, 0x00000000d387c3f0, 0x00000000d5550000)
  to   space 34944K,   0% used [0x00000000d1110000, 0x00000000d1110000, 0x00000000d3330000)
 concurrent mark-sweep generation total 699072K, used 137331K [0x00000000d5550000, 0x0000000100000000, 0x0000000100000000)
 Metaspace       used 61496K, capacity 62490K, committed 62720K, reserved 1103872K
  class space    used 7872K, capacity 8170K, committed 8192K, reserved 1048576K
}
Event: 211.672 GC heap before
{Heap before GC invocations=406 (full 520):
 par new generation   total 314560K, used 34919K [0x00000000c0000000, 0x00000000d5550000, 0x00000000d5550000)
  eden space 279616K,  10% used [0x00000000c0000000, 0x00000000c1ccdad0, 0x00000000d1110000)
  from space 34944K,  15% used [0x00000000d3330000, 0x00000000d387c3f0, 0x00000000d5550000)
  to   space 34944K,   0% used [0x00000000d1110000, 0x00000000d1110000, 0x00000000d3330000)
 concurrent mark-sweep generation total 699072K, used 137331K [0x00000000d5550000, 0x0000000100000000, 0x0000000100000000)
 Metaspace       used 61531K, capacity 62556K, committed 62720K, reserved 1103872K
  class space    used 7875K, capacity 8171K, committed 8192K, reserved 1048576K
Event: 211.944 GC heap after
Heap after GC invocations=407 (full 521):
 par new generation   total 314560K, used 0K [0x00000000c0000000, 0x00000000d5550000, 0x00000000d5550000)
  eden space 279616K,   0% used [0x00000000c0000000, 0x00000000c0000000, 0x00000000d1110000)
  from space 34944K,   0% used [0x00000000d3330000, 0x00000000d3330000, 0x00000000d5550000)
  to   space 34944K,   0% used [0x00000000d1110000, 0x00000000d1110000, 0x00000000d3330000)
 concurrent mark-sweep generation total 699072K, used 127462K [0x00000000d5550000, 0x0000000100000000, 0x0000000100000000)
 Metaspace       used 61531K, capacity 62556K, committed 62720K, reserved 1103872K
  class space    used 7875K, capacity 8171K, committed 8192K, reserved 1048576K
}

