# JRE version: Java(TM) SE Runtime Environment (8.0_281-b09) (build 1.8.0_281-b09)
# Java VM: Java HotSpot(TM) 64-Bit Server VM (25.281-b09 mixed mode windows-amd64 compressed oops)
Heap:
 par new generation   total 314560K, used 178120K [0x00000000c0000000, 0x00000000d5550000, 0x00000000d5550000)
  eden space 279616K,  51% used [0x00000000c0000000, 0x00000000c8bd22e8, 0x00000000d1110000)
  from space 34944K, 100% used [0x00000000d1110000, 0x00000000d3330000, 0x00000000d3330000)
  to   space 34944K,   0% used [0x00000000d3330000, 0x00000000d3330000, 0x00000000d5550000)
 concurrent mark-sweep generation total 699072K, used 103166K [0x00000000d5550000, 0x0000000100000000, 0x0000000100000000)
 Metaspace       used 51665K, capacity 52391K, committed 52824K, reserved 1095680K
  class space    used 6801K, capacity 6989K, committed 7012K, reserved 1048576K
GC Heap History (10 events):
Event: 9.517 GC heap before
{Heap before GC invocations=6 (full 3):
 par new generation   total 314560K, used 314559K [0x00000000c0000000, 0x00000000d5550000, 0x00000000d5550000)
  eden space 279616K, 100% used [0x00000000c0000000, 0x00000000d1110000, 0x00000000d1110000)
  from space 34944K,  99% used [0x00000000d3330000, 0x00000000d554fff8, 0x00000000d5550000)
  to   space 34944K,   0% used [0x00000000d1110000, 0x00000000d1110000, 0x00000000d3330000)
 concurrent mark-sweep generation total 699072K, used 68907K [0x00000000d5550000, 0x0000000100000000, 0x0000000100000000)
 Metaspace       used 40543K, capacity 40907K, committed 41432K, reserved 1085440K
  class space    used 5446K, capacity 5600K, committed 5604K, reserved 1048576K
Event: 9.546 GC heap after
Heap after GC invocations=7 (full 3):
 par new generation   total 314560K, used 34762K [0x00000000c0000000, 0x00000000d5550000, 0x00000000d5550000)
  eden space 279616K,   0% used [0x00000000c0000000, 0x00000000c0000000, 0x00000000d1110000)
  from space 34944K,  99% used [0x00000000d1110000, 0x00000000d3302bc0, 0x00000000d3330000)
  to   space 34944K,   0% used [0x00000000d3330000, 0x00000000d3330000, 0x00000000d5550000)
 concurrent mark-sweep generation total 699072K, used 85140K [0x00000000d5550000, 0x0000000100000000, 0x0000000100000000)
 Metaspace       used 40543K, capacity 40907K, committed 41432K, reserved 1085440K
  class space    used 5446K, capacity 5600K, committed 5604K, reserved 1048576K
}
Event: 12.164 GC heap before
{Heap before GC invocations=7 (full 4):
 par new generation   total 314560K, used 314378K [0x00000000c0000000, 0x00000000d5550000, 0x00000000d5550000)
  eden space 279616K, 100% used [0x00000000c0000000, 0x00000000d1110000, 0x00000000d1110000)
  from space 34944K,  99% used [0x00000000d1110000, 0x00000000d3302bc0, 0x00000000d3330000)
  to   space 34944K,   0% used [0x00000000d3330000, 0x00000000d3330000, 0x00000000d5550000)
 concurrent mark-sweep generation total 699072K, used 85140K [0x00000000d5550000, 0x0000000100000000, 0x0000000100000000)
 Metaspace       used 46452K, capacity 46999K, committed 47704K, reserved 1091584K
  class space    used 6214K, capacity 6397K, committed 6500K, reserved 1048576K
Event: 12.179 GC heap after
Heap after GC invocations=8 (full 4):
 par new generation   total 314560K, used 15091K [0x00000000c0000000, 0x00000000d5550000, 0x00000000d5550000)
  eden space 279616K,   0% used [0x00000000c0000000, 0x00000000c0000000, 0x00000000d1110000)
  from space 34944K,  43% used [0x00000000d3330000, 0x00000000d41ece80, 0x00000000d5550000)
  to   space 34944K,   0% used [0x00000000d1110000, 0x00000000d1110000, 0x00000000d3330000)
 concurrent mark-sweep generation total 699072K, used 94847K [0x00000000d5550000, 0x0000000100000000, 0x0000000100000000)
 Metaspace       used 46452K, capacity 46999K, committed 47704K, reserved 1091584K
  class space    used 6214K, capacity 6397K, committed 6500K, reserved 1048576K
}
Event: 14.472 GC heap before
{Heap before GC invocations=8 (full 4):
 par new generation   total 314560K, used 294707K [0x00000000c0000000, 0x00000000d5550000, 0x00000000d5550000)
  eden space 279616K, 100% used [0x00000000c0000000, 0x00000000d1110000, 0x00000000d1110000)
  from space 34944K,  43% used [0x00000000d3330000, 0x00000000d41ece80, 0x00000000d5550000)
  to   space 34944K,   0% used [0x00000000d1110000, 0x00000000d1110000, 0x00000000d3330000)
 concurrent mark-sweep generation total 699072K, used 94847K [0x00000000d5550000, 0x0000000100000000, 0x0000000100000000)
 Metaspace       used 47609K, capacity 48153K, committed 48728K, reserved 1091584K
  class space    used 6319K, capacity 6476K, committed 6500K, reserved 1048576K
Event: 14.481 GC heap after
Heap after GC invocations=9 (full 4):
 par new generation   total 314560K, used 19967K [0x00000000c0000000, 0x00000000d5550000, 0x00000000d5550000)
  eden space 279616K,   0% used [0x00000000c0000000, 0x00000000c0000000, 0x00000000d1110000)
  from space 34944K,  57% used [0x00000000d1110000, 0x00000000d248fd58, 0x00000000d3330000)
  to   space 34944K,   0% used [0x00000000d3330000, 0x00000000d3330000, 0x00000000d5550000)
 concurrent mark-sweep generation total 699072K, used 94847K [0x00000000d5550000, 0x0000000100000000, 0x0000000100000000)
 Metaspace       used 47609K, capacity 48153K, committed 48728K, reserved 1091584K
  class space    used 6319K, capacity 6476K, committed 6500K, reserved 1048576K
}
Event: 16.787 GC heap before
{Heap before GC invocations=9 (full 4):
 par new generation   total 314560K, used 299583K [0x00000000c0000000, 0x00000000d5550000, 0x00000000d5550000)
  eden space 279616K, 100% used [0x00000000c0000000, 0x00000000d1110000, 0x00000000d1110000)
  from space 34944K,  57% used [0x00000000d1110000, 0x00000000d248fd58, 0x00000000d3330000)
  to   space 34944K,   0% used [0x00000000d3330000, 0x00000000d3330000, 0x00000000d5550000)
 concurrent mark-sweep generation total 699072K, used 90622K [0x00000000d5550000, 0x0000000100000000, 0x0000000100000000)
 Metaspace       used 47674K, capacity 48297K, committed 48728K, reserved 1091584K
  class space    used 6326K, capacity 6478K, committed 6500K, reserved 1048576K
Event: 16.797 GC heap after
Heap after GC invocations=10 (full 4):
 par new generation   total 314560K, used 24003K [0x00000000c0000000, 0x00000000d5550000, 0x00000000d5550000)
  eden space 279616K,   0% used [0x00000000c0000000, 0x00000000c0000000, 0x00000000d1110000)
  from space 34944K,  68% used [0x00000000d3330000, 0x00000000d4aa0e80, 0x00000000d5550000)
  to   space 34944K,   0% used [0x00000000d1110000, 0x00000000d1110000, 0x00000000d3330000)
 concurrent mark-sweep generation total 699072K, used 90622K [0x00000000d5550000, 0x0000000100000000, 0x0000000100000000)
 Metaspace       used 47674K, capacity 48297K, committed 48728K, reserved 1091584K
  class space    used 6326K, capacity 6478K, committed 6500K, reserved 1048576K
}
Event: 18.108 GC heap before
{Heap before GC invocations=10 (full 4):
 par new generation   total 314560K, used 303619K [0x00000000c0000000, 0x00000000d5550000, 0x00000000d5550000)
  eden space 279616K, 100% used [0x00000000c0000000, 0x00000000d1110000, 0x00000000d1110000)
  from space 34944K,  68% used [0x00000000d3330000, 0x00000000d4aa0e80, 0x00000000d5550000)
  to   space 34944K,   0% used [0x00000000d1110000, 0x00000000d1110000, 0x00000000d3330000)
 concurrent mark-sweep generation total 699072K, used 90622K [0x00000000d5550000, 0x0000000100000000, 0x0000000100000000)
 Metaspace       used 49590K, capacity 50179K, committed 50776K, reserved 1093632K
  class space    used 6509K, capacity 6675K, committed 6756K, reserved 1048576K
Event: 18.141 GC heap after
Heap after GC invocations=11 (full 4):
 par new generation   total 314560K, used 34944K [0x00000000c0000000, 0x00000000d5550000, 0x00000000d5550000)
  eden space 279616K,   0% used [0x00000000c0000000, 0x00000000c0000000, 0x00000000d1110000)
  from space 34944K, 100% used [0x00000000d1110000, 0x00000000d3330000, 0x00000000d3330000)
  to   space 34944K,   0% used [0x00000000d3330000, 0x00000000d3330000, 0x00000000d5550000)
 concurrent mark-sweep generation total 699072K, used 103166K [0x00000000d5550000, 0x0000000100000000, 0x0000000100000000)
 Metaspace       used 49590K, capacity 50179K, committed 50776K, reserved 1093632K
  class space    used 6509K, capacity 6675K, committed 6756K, reserved 1048576K
}

