# JRE version: Java(TM) SE Runtime Environment (8.0_281-b09) (build 1.8.0_281-b09)
# Java VM: Java HotSpot(TM) 64-Bit Server VM (25.281-b09 mixed mode windows-amd64 compressed oops)
Heap:
 par new generation   total 314560K, used 24610K [0x00000000c0000000, 0x00000000d5550000, 0x00000000d5550000)
  eden space 279616K,   8% used [0x00000000c0000000, 0x00000000c18089f8, 0x00000000d1110000)
  from space 34944K,   0% used [0x00000000d3330000, 0x00000000d3330000, 0x00000000d5550000)
  to   space 34944K,   0% used [0x00000000d1110000, 0x00000000d1110000, 0x00000000d3330000)
 concurrent mark-sweep generation total 699072K, used 128070K [0x00000000d5550000, 0x0000000100000000, 0x0000000100000000)
 Metaspace       used 61032K, capacity 61932K, committed 62344K, reserved 1103872K
  class space    used 8046K, capacity 8324K, committed 8328K, reserved 1048576K
GC Heap History (10 events):
Event: 387.299 GC heap before
{Heap before GC invocations=760 (full 1121):
 par new generation   total 314560K, used 14748K [0x00000000c0000000, 0x00000000d5550000, 0x00000000d5550000)
  eden space 279616K,   5% used [0x00000000c0000000, 0x00000000c0e673c8, 0x00000000d1110000)
  from space 34944K,   0% used [0x00000000d3330000, 0x00000000d3330000, 0x00000000d5550000)
  to   space 34944K,   0% used [0x00000000d1110000, 0x00000000d1110000, 0x00000000d3330000)
 concurrent mark-sweep generation total 699072K, used 128068K [0x00000000d5550000, 0x0000000100000000, 0x0000000100000000)
 Metaspace       used 60964K, capacity 61866K, committed 62344K, reserved 1103872K
  class space    used 8044K, capacity 8323K, committed 8328K, reserved 1048576K
Event: 387.470 GC heap after
Heap after GC invocations=761 (full 1122):
 par new generation   total 314560K, used 0K [0x00000000c0000000, 0x00000000d5550000, 0x00000000d5550000)
  eden space 279616K,   0% used [0x00000000c0000000, 0x00000000c0000000, 0x00000000d1110000)
  from space 34944K,   0% used [0x00000000d3330000, 0x00000000d3330000, 0x00000000d5550000)
  to   space 34944K,   0% used [0x00000000d1110000, 0x00000000d1110000, 0x00000000d3330000)
 concurrent mark-sweep generation total 699072K, used 128070K [0x00000000d5550000, 0x0000000100000000, 0x0000000100000000)
 Metaspace       used 60964K, capacity 61866K, committed 62344K, reserved 1103872K
  class space    used 8044K, capacity 8323K, committed 8328K, reserved 1048576K
}
Event: 387.800 GC heap before
{Heap before GC invocations=761 (full 1122):
 par new generation   total 314560K, used 13980K [0x00000000c0000000, 0x00000000d5550000, 0x00000000d5550000)
  eden space 279616K,   5% used [0x00000000c0000000, 0x00000000c0da73d0, 0x00000000d1110000)
  from space 34944K,   0% used [0x00000000d3330000, 0x00000000d3330000, 0x00000000d5550000)
  to   space 34944K,   0% used [0x00000000d1110000, 0x00000000d1110000, 0x00000000d3330000)
 concurrent mark-sweep generation total 699072K, used 128070K [0x00000000d5550000, 0x0000000100000000, 0x0000000100000000)
 Metaspace       used 60968K, capacity 61866K, committed 62344K, reserved 1103872K
  class space    used 8044K, capacity 8323K, committed 8328K, reserved 1048576K
Event: 387.969 GC heap after
Heap after GC invocations=762 (full 1123):
 par new generation   total 314560K, used 0K [0x00000000c0000000, 0x00000000d5550000, 0x00000000d5550000)
  eden space 279616K,   0% used [0x00000000c0000000, 0x00000000c0000000, 0x00000000d1110000)
  from space 34944K,   0% used [0x00000000d3330000, 0x00000000d3330000, 0x00000000d5550000)
  to   space 34944K,   0% used [0x00000000d1110000, 0x00000000d1110000, 0x00000000d3330000)
 concurrent mark-sweep generation total 699072K, used 128070K [0x00000000d5550000, 0x0000000100000000, 0x0000000100000000)
 Metaspace       used 60968K, capacity 61866K, committed 62344K, reserved 1103872K
  class space    used 8044K, capacity 8323K, committed 8328K, reserved 1048576K
}
Event: 388.300 GC heap before
{Heap before GC invocations=762 (full 1124):
 par new generation   total 314560K, used 13980K [0x00000000c0000000, 0x00000000d5550000, 0x00000000d5550000)
  eden space 279616K,   5% used [0x00000000c0000000, 0x00000000c0da73d0, 0x00000000d1110000)
  from space 34944K,   0% used [0x00000000d3330000, 0x00000000d3330000, 0x00000000d5550000)
  to   space 34944K,   0% used [0x00000000d1110000, 0x00000000d1110000, 0x00000000d3330000)
 concurrent mark-sweep generation total 699072K, used 128070K [0x00000000d5550000, 0x0000000100000000, 0x0000000100000000)
 Metaspace       used 60981K, capacity 61930K, committed 62344K, reserved 1103872K
  class space    used 8044K, capacity 8323K, committed 8328K, reserved 1048576K
Event: 388.479 GC heap after
Heap after GC invocations=763 (full 1125):
 par new generation   total 314560K, used 0K [0x00000000c0000000, 0x00000000d5550000, 0x00000000d5550000)
  eden space 279616K,   0% used [0x00000000c0000000, 0x00000000c0000000, 0x00000000d1110000)
  from space 34944K,   0% used [0x00000000d3330000, 0x00000000d3330000, 0x00000000d5550000)
  to   space 34944K,   0% used [0x00000000d1110000, 0x00000000d1110000, 0x00000000d3330000)
 concurrent mark-sweep generation total 699072K, used 128070K [0x00000000d5550000, 0x0000000100000000, 0x0000000100000000)
 Metaspace       used 60981K, capacity 61930K, committed 62344K, reserved 1103872K
  class space    used 8044K, capacity 8323K, committed 8328K, reserved 1048576K
}
Event: 388.801 GC heap before
{Heap before GC invocations=763 (full 1125):
 par new generation   total 314560K, used 13980K [0x00000000c0000000, 0x00000000d5550000, 0x00000000d5550000)
  eden space 279616K,   5% used [0x00000000c0000000, 0x00000000c0da73c0, 0x00000000d1110000)
  from space 34944K,   0% used [0x00000000d3330000, 0x00000000d3330000, 0x00000000d5550000)
  to   space 34944K,   0% used [0x00000000d1110000, 0x00000000d1110000, 0x00000000d3330000)
 concurrent mark-sweep generation total 699072K, used 128070K [0x00000000d5550000, 0x0000000100000000, 0x0000000100000000)
 Metaspace       used 60982K, capacity 61930K, committed 62344K, reserved 1103872K
  class space    used 8044K, capacity 8323K, committed 8328K, reserved 1048576K
Event: 388.974 GC heap after
Heap after GC invocations=764 (full 1126):
 par new generation   total 314560K, used 0K [0x00000000c0000000, 0x00000000d5550000, 0x00000000d5550000)
  eden space 279616K,   0% used [0x00000000c0000000, 0x00000000c0000000, 0x00000000d1110000)
  from space 34944K,   0% used [0x00000000d3330000, 0x00000000d3330000, 0x00000000d5550000)
  to   space 34944K,   0% used [0x00000000d1110000, 0x00000000d1110000, 0x00000000d3330000)
 concurrent mark-sweep generation total 699072K, used 128070K [0x00000000d5550000, 0x0000000100000000, 0x0000000100000000)
 Metaspace       used 60982K, capacity 61930K, committed 62344K, reserved 1103872K
  class space    used 8044K, capacity 8323K, committed 8328K, reserved 1048576K
}
Event: 389.301 GC heap before
{Heap before GC invocations=764 (full 1127):
 par new generation   total 314560K, used 17545K [0x00000000c0000000, 0x00000000d5550000, 0x00000000d5550000)
  eden space 279616K,   6% used [0x00000000c0000000, 0x00000000c11224b8, 0x00000000d1110000)
  from space 34944K,   0% used [0x00000000d3330000, 0x00000000d3330000, 0x00000000d5550000)
  to   space 34944K,   0% used [0x00000000d1110000, 0x00000000d1110000, 0x00000000d3330000)
 concurrent mark-sweep generation total 699072K, used 128070K [0x00000000d5550000, 0x0000000100000000, 0x0000000100000000)
 Metaspace       used 61001K, capacity 61930K, committed 62344K, reserved 1103872K
  class space    used 8044K, capacity 8323K, committed 8328K, reserved 1048576K
Event: 389.474 GC heap after
Heap after GC invocations=765 (full 1128):
 par new generation   total 314560K, used 0K [0x00000000c0000000, 0x00000000d5550000, 0x00000000d5550000)
  eden space 279616K,   0% used [0x00000000c0000000, 0x00000000c0000000, 0x00000000d1110000)
  from space 34944K,   0% used [0x00000000d3330000, 0x00000000d3330000, 0x00000000d5550000)
  to   space 34944K,   0% used [0x00000000d1110000, 0x00000000d1110000, 0x00000000d3330000)
 concurrent mark-sweep generation total 699072K, used 128070K [0x00000000d5550000, 0x0000000100000000, 0x0000000100000000)
 Metaspace       used 61001K, capacity 61930K, committed 62344K, reserved 1103872K
  class space    used 8044K, capacity 8323K, committed 8328K, reserved 1048576K
}

