# JRE version: Java(TM) SE Runtime Environment (8.0_281-b09) (build 1.8.0_281-b09)
# Java VM: Java HotSpot(TM) 64-Bit Server VM (25.281-b09 mixed mode windows-amd64 compressed oops)
Heap:
 par new generation   total 314560K, used 26484K [0x00000000c0000000, 0x00000000d5550000, 0x00000000d5550000)
  eden space 279616K,   6% used [0x00000000c0000000, 0x00000000c12b2d58, 0x00000000d1110000)
  from space 34944K,  20% used [0x00000000d1110000, 0x00000000d183a3f8, 0x00000000d3330000)
  to   space 34944K,   0% used [0x00000000d3330000, 0x00000000d3330000, 0x00000000d5550000)
 concurrent mark-sweep generation total 699072K, used 120541K [0x00000000d5550000, 0x0000000100000000, 0x0000000100000000)
 Metaspace       used 58899K, capacity 59814K, committed 60328K, reserved 1101824K
  class space    used 7780K, capacity 8034K, committed 8132K, reserved 1048576K
GC Heap History (10 events):
Event: 129.395 GC heap before
{Heap before GC invocations=235 (full 304):
 par new generation   total 314560K, used 14447K [0x00000000c0000000, 0x00000000d5550000, 0x00000000d5550000)
  eden space 279616K,   5% used [0x00000000c0000000, 0x00000000c0e1bc58, 0x00000000d1110000)
  from space 34944K,   0% used [0x00000000d3330000, 0x00000000d3330000, 0x00000000d5550000)
  to   space 34944K,   0% used [0x00000000d1110000, 0x00000000d1110000, 0x00000000d3330000)
 concurrent mark-sweep generation total 699072K, used 120543K [0x00000000d5550000, 0x0000000100000000, 0x0000000100000000)
 Metaspace       used 58705K, capacity 59670K, committed 60072K, reserved 1101824K
  class space    used 7758K, capacity 8028K, committed 8132K, reserved 1048576K
Event: 129.588 GC heap after
Heap after GC invocations=236 (full 305):
 par new generation   total 314560K, used 0K [0x00000000c0000000, 0x00000000d5550000, 0x00000000d5550000)
  eden space 279616K,   0% used [0x00000000c0000000, 0x00000000c0000000, 0x00000000d1110000)
  from space 34944K,   0% used [0x00000000d3330000, 0x00000000d3330000, 0x00000000d5550000)
  to   space 34944K,   0% used [0x00000000d1110000, 0x00000000d1110000, 0x00000000d3330000)
 concurrent mark-sweep generation total 699072K, used 120543K [0x00000000d5550000, 0x0000000100000000, 0x0000000100000000)
 Metaspace       used 58705K, capacity 59670K, committed 60072K, reserved 1101824K
  class space    used 7758K, capacity 8028K, committed 8132K, reserved 1048576K
}
Event: 129.897 GC heap before
{Heap before GC invocations=236 (full 305):
 par new generation   total 314560K, used 13048K [0x00000000c0000000, 0x00000000d5550000, 0x00000000d5550000)
  eden space 279616K,   4% used [0x00000000c0000000, 0x00000000c0cbe3a0, 0x00000000d1110000)
  from space 34944K,   0% used [0x00000000d3330000, 0x00000000d3330000, 0x00000000d5550000)
  to   space 34944K,   0% used [0x00000000d1110000, 0x00000000d1110000, 0x00000000d3330000)
 concurrent mark-sweep generation total 699072K, used 120543K [0x00000000d5550000, 0x0000000100000000, 0x0000000100000000)
 Metaspace       used 58707K, capacity 59670K, committed 60072K, reserved 1101824K
  class space    used 7758K, capacity 8028K, committed 8132K, reserved 1048576K
Event: 130.055 GC heap after
Heap after GC invocations=237 (full 306):
 par new generation   total 314560K, used 0K [0x00000000c0000000, 0x00000000d5550000, 0x00000000d5550000)
  eden space 279616K,   0% used [0x00000000c0000000, 0x00000000c0000000, 0x00000000d1110000)
  from space 34944K,   0% used [0x00000000d3330000, 0x00000000d3330000, 0x00000000d5550000)
  to   space 34944K,   0% used [0x00000000d1110000, 0x00000000d1110000, 0x00000000d3330000)
 concurrent mark-sweep generation total 699072K, used 120539K [0x00000000d5550000, 0x0000000100000000, 0x0000000100000000)
 Metaspace       used 58707K, capacity 59670K, committed 60072K, reserved 1101824K
  class space    used 7758K, capacity 8028K, committed 8132K, reserved 1048576K
}
Event: 130.398 GC heap before
{Heap before GC invocations=237 (full 306):
 par new generation   total 314560K, used 14447K [0x00000000c0000000, 0x00000000d5550000, 0x00000000d5550000)
  eden space 279616K,   5% used [0x00000000c0000000, 0x00000000c0e1bc98, 0x00000000d1110000)
  from space 34944K,   0% used [0x00000000d3330000, 0x00000000d3330000, 0x00000000d5550000)
  to   space 34944K,   0% used [0x00000000d1110000, 0x00000000d1110000, 0x00000000d3330000)
 concurrent mark-sweep generation total 699072K, used 120539K [0x00000000d5550000, 0x0000000100000000, 0x0000000100000000)
 Metaspace       used 58716K, capacity 59670K, committed 60072K, reserved 1101824K
  class space    used 7758K, capacity 8028K, committed 8132K, reserved 1048576K
Event: 130.564 GC heap after
Heap after GC invocations=238 (full 307):
 par new generation   total 314560K, used 0K [0x00000000c0000000, 0x00000000d5550000, 0x00000000d5550000)
  eden space 279616K,   0% used [0x00000000c0000000, 0x00000000c0000000, 0x00000000d1110000)
  from space 34944K,   0% used [0x00000000d3330000, 0x00000000d3330000, 0x00000000d5550000)
  to   space 34944K,   0% used [0x00000000d1110000, 0x00000000d1110000, 0x00000000d3330000)
 concurrent mark-sweep generation total 699072K, used 120553K [0x00000000d5550000, 0x0000000100000000, 0x0000000100000000)
 Metaspace       used 58716K, capacity 59670K, committed 60072K, reserved 1101824K
  class space    used 7758K, capacity 8028K, committed 8132K, reserved 1048576K
}
Event: 130.899 GC heap before
{Heap before GC invocations=238 (full 308):
 par new generation   total 314560K, used 14447K [0x00000000c0000000, 0x00000000d5550000, 0x00000000d5550000)
  eden space 279616K,   5% used [0x00000000c0000000, 0x00000000c0e1bc60, 0x00000000d1110000)
  from space 34944K,   0% used [0x00000000d3330000, 0x00000000d3330000, 0x00000000d5550000)
  to   space 34944K,   0% used [0x00000000d1110000, 0x00000000d1110000, 0x00000000d3330000)
 concurrent mark-sweep generation total 699072K, used 120553K [0x00000000d5550000, 0x0000000100000000, 0x0000000100000000)
 Metaspace       used 58720K, capacity 59670K, committed 60072K, reserved 1101824K
  class space    used 7759K, capacity 8028K, committed 8132K, reserved 1048576K
Event: 131.059 GC heap after
Heap after GC invocations=239 (full 309):
 par new generation   total 314560K, used 0K [0x00000000c0000000, 0x00000000d5550000, 0x00000000d5550000)
  eden space 279616K,   0% used [0x00000000c0000000, 0x00000000c0000000, 0x00000000d1110000)
  from space 34944K,   0% used [0x00000000d3330000, 0x00000000d3330000, 0x00000000d5550000)
  to   space 34944K,   0% used [0x00000000d1110000, 0x00000000d1110000, 0x00000000d3330000)
 concurrent mark-sweep generation total 699072K, used 120541K [0x00000000d5550000, 0x0000000100000000, 0x0000000100000000)
 Metaspace       used 58720K, capacity 59670K, committed 60072K, reserved 1101824K
  class space    used 7759K, capacity 8028K, committed 8132K, reserved 1048576K
}
Event: 131.400 GC heap before
{Heap before GC invocations=239 (full 309):
 par new generation   total 314560K, used 27812K [0x00000000c0000000, 0x00000000d5550000, 0x00000000d5550000)
  eden space 279616K,   9% used [0x00000000c0000000, 0x00000000c1b29008, 0x00000000d1110000)
  from space 34944K,   0% used [0x00000000d3330000, 0x00000000d3330000, 0x00000000d5550000)
  to   space 34944K,   0% used [0x00000000d1110000, 0x00000000d1110000, 0x00000000d3330000)
 concurrent mark-sweep generation total 699072K, used 120541K [0x00000000d5550000, 0x0000000100000000, 0x0000000100000000)
 Metaspace       used 58871K, capacity 59814K, committed 60328K, reserved 1101824K
  class space    used 7778K, capacity 8034K, committed 8132K, reserved 1048576K
Event: 131.404 GC heap after
Heap after GC invocations=240 (full 309):
 par new generation   total 314560K, used 7336K [0x00000000c0000000, 0x00000000d5550000, 0x00000000d5550000)
  eden space 279616K,   0% used [0x00000000c0000000, 0x00000000c0000000, 0x00000000d1110000)
  from space 34944K,  20% used [0x00000000d1110000, 0x00000000d183a3f8, 0x00000000d3330000)
  to   space 34944K,   0% used [0x00000000d3330000, 0x00000000d3330000, 0x00000000d5550000)
 concurrent mark-sweep generation total 699072K, used 120541K [0x00000000d5550000, 0x0000000100000000, 0x0000000100000000)
 Metaspace       used 58871K, capacity 59814K, committed 60328K, reserved 1101824K
  class space    used 7778K, capacity 8034K, committed 8132K, reserved 1048576K
}

