# JRE version: OpenJDK Runtime Environment (8.0_262-b10) (build 1.8.0_262-b10)
# Java VM: OpenJDK 64-Bit Server VM (25.262-b10 mixed mode windows-amd64 compressed oops)
Heap:
 par new generation   total 314560K, used 33320K [0x00000000c0000000, 0x00000000d5550000, 0x00000000d5550000)
  eden space 279616K,   9% used [0x00000000c0000000, 0x00000000c1964a90, 0x00000000d1110000)
  from space 34944K,  20% used [0x00000000d1110000, 0x00000000d18357e8, 0x00000000d3330000)
  to   space 34944K,   0% used [0x00000000d3330000, 0x00000000d3330000, 0x00000000d5550000)
 concurrent mark-sweep generation total 699072K, used 134784K [0x00000000d5550000, 0x0000000100000000, 0x0000000100000000)
 Metaspace       used 58855K, capacity 59830K, committed 60132K, reserved 1101824K
  class space    used 7736K, capacity 8044K, committed 8164K, reserved 1048576K
GC Heap History (10 events):
Event: 53.101 GC heap before
{Heap before GC invocations=92 (full 132):
 par new generation   total 314560K, used 17895K [0x00000000c0000000, 0x00000000d5550000, 0x00000000d5550000)
  eden space 279616K,   6% used [0x00000000c0000000, 0x00000000c1179ec8, 0x00000000d1110000)
  from space 34944K,   0% used [0x00000000d3330000, 0x00000000d3330000, 0x00000000d5550000)
  to   space 34944K,   0% used [0x00000000d1110000, 0x00000000d1110000, 0x00000000d3330000)
 concurrent mark-sweep generation total 699072K, used 134764K [0x00000000d5550000, 0x0000000100000000, 0x0000000100000000)
 Metaspace       used 58636K, capacity 59468K, committed 59748K, reserved 1101824K
  class space    used 7707K, capacity 7969K, committed 8036K, reserved 1048576K
Event: 53.315 GC heap after
Heap after GC invocations=93 (full 133):
 par new generation   total 314560K, used 0K [0x00000000c0000000, 0x00000000d5550000, 0x00000000d5550000)
  eden space 279616K,   0% used [0x00000000c0000000, 0x00000000c0000000, 0x00000000d1110000)
  from space 34944K,   0% used [0x00000000d3330000, 0x00000000d3330000, 0x00000000d5550000)
  to   space 34944K,   0% used [0x00000000d1110000, 0x00000000d1110000, 0x00000000d3330000)
 concurrent mark-sweep generation total 699072K, used 134782K [0x00000000d5550000, 0x0000000100000000, 0x0000000100000000)
 Metaspace       used 58636K, capacity 59468K, committed 59748K, reserved 1101824K
  class space    used 7707K, capacity 7969K, committed 8036K, reserved 1048576K
}
Event: 53.603 GC heap before
{Heap before GC invocations=93 (full 134):
 par new generation   total 314560K, used 19307K [0x00000000c0000000, 0x00000000d5550000, 0x00000000d5550000)
  eden space 279616K,   6% used [0x00000000c0000000, 0x00000000c12dac88, 0x00000000d1110000)
  from space 34944K,   0% used [0x00000000d3330000, 0x00000000d3330000, 0x00000000d5550000)
  to   space 34944K,   0% used [0x00000000d1110000, 0x00000000d1110000, 0x00000000d3330000)
 concurrent mark-sweep generation total 699072K, used 134782K [0x00000000d5550000, 0x0000000100000000, 0x0000000100000000)
 Metaspace       used 58636K, capacity 59468K, committed 59748K, reserved 1101824K
  class space    used 7707K, capacity 7969K, committed 8036K, reserved 1048576K
Event: 53.888 GC heap after
Heap after GC invocations=94 (full 135):
 par new generation   total 314560K, used 0K [0x00000000c0000000, 0x00000000d5550000, 0x00000000d5550000)
  eden space 279616K,   0% used [0x00000000c0000000, 0x00000000c0000000, 0x00000000d1110000)
  from space 34944K,   0% used [0x00000000d3330000, 0x00000000d3330000, 0x00000000d5550000)
  to   space 34944K,   0% used [0x00000000d1110000, 0x00000000d1110000, 0x00000000d3330000)
 concurrent mark-sweep generation total 699072K, used 134783K [0x00000000d5550000, 0x0000000100000000, 0x0000000100000000)
 Metaspace       used 58636K, capacity 59468K, committed 59748K, reserved 1101824K
  class space    used 7707K, capacity 7969K, committed 8036K, reserved 1048576K
}
Event: 54.103 GC heap before
{Heap before GC invocations=94 (full 135):
 par new generation   total 314560K, used 17895K [0x00000000c0000000, 0x00000000d5550000, 0x00000000d5550000)
  eden space 279616K,   6% used [0x00000000c0000000, 0x00000000c1179eb0, 0x00000000d1110000)
  from space 34944K,   0% used [0x00000000d3330000, 0x00000000d3330000, 0x00000000d5550000)
  to   space 34944K,   0% used [0x00000000d1110000, 0x00000000d1110000, 0x00000000d3330000)
 concurrent mark-sweep generation total 699072K, used 134783K [0x00000000d5550000, 0x0000000100000000, 0x0000000100000000)
 Metaspace       used 58638K, capacity 59468K, committed 59748K, reserved 1101824K
  class space    used 7707K, capacity 7969K, committed 8036K, reserved 1048576K
Event: 54.291 GC heap after
Heap after GC invocations=95 (full 136):
 par new generation   total 314560K, used 0K [0x00000000c0000000, 0x00000000d5550000, 0x00000000d5550000)
  eden space 279616K,   0% used [0x00000000c0000000, 0x00000000c0000000, 0x00000000d1110000)
  from space 34944K,   0% used [0x00000000d3330000, 0x00000000d3330000, 0x00000000d5550000)
  to   space 34944K,   0% used [0x00000000d1110000, 0x00000000d1110000, 0x00000000d3330000)
 concurrent mark-sweep generation total 699072K, used 134783K [0x00000000d5550000, 0x0000000100000000, 0x0000000100000000)
 Metaspace       used 58638K, capacity 59468K, committed 59748K, reserved 1101824K
  class space    used 7707K, capacity 7969K, committed 8036K, reserved 1048576K
}
Event: 54.604 GC heap before
{Heap before GC invocations=95 (full 137):
 par new generation   total 314560K, used 19307K [0x00000000c0000000, 0x00000000d5550000, 0x00000000d5550000)
  eden space 279616K,   6% used [0x00000000c0000000, 0x00000000c12dac68, 0x00000000d1110000)
  from space 34944K,   0% used [0x00000000d3330000, 0x00000000d3330000, 0x00000000d5550000)
  to   space 34944K,   0% used [0x00000000d1110000, 0x00000000d1110000, 0x00000000d3330000)
 concurrent mark-sweep generation total 699072K, used 134783K [0x00000000d5550000, 0x0000000100000000, 0x0000000100000000)
 Metaspace       used 58645K, capacity 59468K, committed 59748K, reserved 1101824K
  class space    used 7707K, capacity 7969K, committed 8036K, reserved 1048576K
Event: 54.819 GC heap after
Heap after GC invocations=96 (full 138):
 par new generation   total 314560K, used 0K [0x00000000c0000000, 0x00000000d5550000, 0x00000000d5550000)
  eden space 279616K,   0% used [0x00000000c0000000, 0x00000000c0000000, 0x00000000d1110000)
  from space 34944K,   0% used [0x00000000d3330000, 0x00000000d3330000, 0x00000000d5550000)
  to   space 34944K,   0% used [0x00000000d1110000, 0x00000000d1110000, 0x00000000d3330000)
 concurrent mark-sweep generation total 699072K, used 134784K [0x00000000d5550000, 0x0000000100000000, 0x0000000100000000)
 Metaspace       used 58645K, capacity 59468K, committed 59748K, reserved 1101824K
  class space    used 7707K, capacity 7969K, committed 8036K, reserved 1048576K
}
Event: 55.105 GC heap before
{Heap before GC invocations=96 (full 138):
 par new generation   total 314560K, used 34670K [0x00000000c0000000, 0x00000000d5550000, 0x00000000d5550000)
  eden space 279616K,  12% used [0x00000000c0000000, 0x00000000c21db848, 0x00000000d1110000)
  from space 34944K,   0% used [0x00000000d3330000, 0x00000000d3330000, 0x00000000d5550000)
  to   space 34944K,   0% used [0x00000000d1110000, 0x00000000d1110000, 0x00000000d3330000)
 concurrent mark-sweep generation total 699072K, used 134784K [0x00000000d5550000, 0x0000000100000000, 0x0000000100000000)
 Metaspace       used 58839K, capacity 59830K, committed 60132K, reserved 1101824K
  class space    used 7735K, capacity 8044K, committed 8164K, reserved 1048576K
Event: 55.107 GC heap after
Heap after GC invocations=97 (full 138):
 par new generation   total 314560K, used 7317K [0x00000000c0000000, 0x00000000d5550000, 0x00000000d5550000)
  eden space 279616K,   0% used [0x00000000c0000000, 0x00000000c0000000, 0x00000000d1110000)
  from space 34944K,  20% used [0x00000000d1110000, 0x00000000d18357e8, 0x00000000d3330000)
  to   space 34944K,   0% used [0x00000000d3330000, 0x00000000d3330000, 0x00000000d5550000)
 concurrent mark-sweep generation total 699072K, used 134784K [0x00000000d5550000, 0x0000000100000000, 0x0000000100000000)
 Metaspace       used 58839K, capacity 59830K, committed 60132K, reserved 1101824K
  class space    used 7735K, capacity 8044K, committed 8164K, reserved 1048576K
}

