# JRE version: OpenJDK Runtime Environment (8.0_262-b10) (build 1.8.0_262-b10)
# Java VM: OpenJDK 64-Bit Server VM (25.262-b10 mixed mode windows-amd64 compressed oops)
Heap:
 par new generation   total 314560K, used 36811K [0x00000000c0000000, 0x00000000d5550000, 0x00000000d5550000)
  eden space 279616K,  10% used [0x00000000c0000000, 0x00000000c1cb9348, 0x00000000d1110000)
  from space 34944K,  21% used [0x00000000d3330000, 0x00000000d3a69c28, 0x00000000d5550000)
  to   space 34944K,   0% used [0x00000000d1110000, 0x00000000d1110000, 0x00000000d3330000)
 concurrent mark-sweep generation total 699072K, used 159889K [0x00000000d5550000, 0x0000000100000000, 0x0000000100000000)
 Metaspace       used 57460K, capacity 58226K, committed 58904K, reserved 1099776K
  class space    used 7581K, capacity 7840K, committed 7960K, reserved 1048576K
GC Heap History (10 events):
Event: 51.167 GC heap before
{Heap before GC invocations=91 (full 117):
 par new generation   total 314560K, used 14913K [0x00000000c0000000, 0x00000000d5550000, 0x00000000d5550000)
  eden space 279616K,   5% used [0x00000000c0000000, 0x00000000c0e90420, 0x00000000d1110000)
  from space 34944K,   0% used [0x00000000d1110000, 0x00000000d1110000, 0x00000000d3330000)
  to   space 34944K,   0% used [0x00000000d3330000, 0x00000000d3330000, 0x00000000d5550000)
 concurrent mark-sweep generation total 699072K, used 141287K [0x00000000d5550000, 0x0000000100000000, 0x0000000100000000)
 Metaspace       used 57130K, capacity 57852K, committed 58520K, reserved 1099776K
  class space    used 7541K, capacity 7763K, committed 7832K, reserved 1048576K
Event: 51.389 GC heap after
Heap after GC invocations=92 (full 118):
 par new generation   total 314560K, used 0K [0x00000000c0000000, 0x00000000d5550000, 0x00000000d5550000)
  eden space 279616K,   0% used [0x00000000c0000000, 0x00000000c0000000, 0x00000000d1110000)
  from space 34944K,   0% used [0x00000000d1110000, 0x00000000d1110000, 0x00000000d3330000)
  to   space 34944K,   0% used [0x00000000d3330000, 0x00000000d3330000, 0x00000000d5550000)
 concurrent mark-sweep generation total 699072K, used 140960K [0x00000000d5550000, 0x0000000100000000, 0x0000000100000000)
 Metaspace       used 57130K, capacity 57852K, committed 58520K, reserved 1099776K
  class space    used 7541K, capacity 7763K, committed 7832K, reserved 1048576K
}
Event: 51.669 GC heap before
{Heap before GC invocations=92 (full 119):
 par new generation   total 314560K, used 15798K [0x00000000c0000000, 0x00000000d5550000, 0x00000000d5550000)
  eden space 279616K,   5% used [0x00000000c0000000, 0x00000000c0f6da10, 0x00000000d1110000)
  from space 34944K,   0% used [0x00000000d1110000, 0x00000000d1110000, 0x00000000d3330000)
  to   space 34944K,   0% used [0x00000000d3330000, 0x00000000d3330000, 0x00000000d5550000)
 concurrent mark-sweep generation total 699072K, used 140960K [0x00000000d5550000, 0x0000000100000000, 0x0000000100000000)
 Metaspace       used 57132K, capacity 57852K, committed 58520K, reserved 1099776K
  class space    used 7541K, capacity 7763K, committed 7832K, reserved 1048576K
Event: 51.959 GC heap after
Heap after GC invocations=93 (full 120):
 par new generation   total 314560K, used 0K [0x00000000c0000000, 0x00000000d5550000, 0x00000000d5550000)
  eden space 279616K,   0% used [0x00000000c0000000, 0x00000000c0000000, 0x00000000d1110000)
  from space 34944K,   0% used [0x00000000d1110000, 0x00000000d1110000, 0x00000000d3330000)
  to   space 34944K,   0% used [0x00000000d3330000, 0x00000000d3330000, 0x00000000d5550000)
 concurrent mark-sweep generation total 699072K, used 140960K [0x00000000d5550000, 0x0000000100000000, 0x0000000100000000)
 Metaspace       used 57132K, capacity 57852K, committed 58520K, reserved 1099776K
  class space    used 7541K, capacity 7763K, committed 7832K, reserved 1048576K
}
Event: 52.175 GC heap before
{Heap before GC invocations=93 (full 120):
 par new generation   total 314560K, used 19176K [0x00000000c0000000, 0x00000000d5550000, 0x00000000d5550000)
  eden space 279616K,   6% used [0x00000000c0000000, 0x00000000c12ba130, 0x00000000d1110000)
  from space 34944K,   0% used [0x00000000d1110000, 0x00000000d1110000, 0x00000000d3330000)
  to   space 34944K,   0% used [0x00000000d3330000, 0x00000000d3330000, 0x00000000d5550000)
 concurrent mark-sweep generation total 699072K, used 140960K [0x00000000d5550000, 0x0000000100000000, 0x0000000100000000)
 Metaspace       used 57332K, capacity 58056K, committed 58520K, reserved 1099776K
  class space    used 7576K, capacity 7807K, committed 7832K, reserved 1048576K
Event: 52.431 GC heap after
Heap after GC invocations=94 (full 121):
 par new generation   total 314560K, used 0K [0x00000000c0000000, 0x00000000d5550000, 0x00000000d5550000)
  eden space 279616K,   0% used [0x00000000c0000000, 0x00000000c0000000, 0x00000000d1110000)
  from space 34944K,   0% used [0x00000000d1110000, 0x00000000d1110000, 0x00000000d3330000)
  to   space 34944K,   0% used [0x00000000d3330000, 0x00000000d3330000, 0x00000000d5550000)
 concurrent mark-sweep generation total 699072K, used 141041K [0x00000000d5550000, 0x0000000100000000, 0x0000000100000000)
 Metaspace       used 57332K, capacity 58056K, committed 58520K, reserved 1099776K
  class space    used 7576K, capacity 7807K, committed 7832K, reserved 1048576K
}
Event: 52.671 GC heap before
{Heap before GC invocations=94 (full 121):
 par new generation   total 314560K, used 41850K [0x00000000c0000000, 0x00000000d5550000, 0x00000000d5550000)
  eden space 279616K,  14% used [0x00000000c0000000, 0x00000000c28de898, 0x00000000d1110000)
  from space 34944K,   0% used [0x00000000d1110000, 0x00000000d1110000, 0x00000000d3330000)
  to   space 34944K,   0% used [0x00000000d3330000, 0x00000000d3330000, 0x00000000d5550000)
 concurrent mark-sweep generation total 699072K, used 141041K [0x00000000d5550000, 0x0000000100000000, 0x0000000100000000)
 Metaspace       used 57405K, capacity 58226K, committed 58904K, reserved 1099776K
  class space    used 7580K, capacity 7840K, committed 7960K, reserved 1048576K
Event: 52.933 GC heap after
Heap after GC invocations=95 (full 122):
 par new generation   total 314560K, used 0K [0x00000000c0000000, 0x00000000d5550000, 0x00000000d5550000)
  eden space 279616K,   0% used [0x00000000c0000000, 0x00000000c0000000, 0x00000000d1110000)
  from space 34944K,   0% used [0x00000000d1110000, 0x00000000d1110000, 0x00000000d3330000)
  to   space 34944K,   0% used [0x00000000d3330000, 0x00000000d3330000, 0x00000000d5550000)
 concurrent mark-sweep generation total 699072K, used 159889K [0x00000000d5550000, 0x0000000100000000, 0x0000000100000000)
 Metaspace       used 57405K, capacity 58226K, committed 58904K, reserved 1099776K
  class space    used 7580K, capacity 7840K, committed 7960K, reserved 1048576K
}
Event: 53.171 GC heap before
{Heap before GC invocations=95 (full 123):
 par new generation   total 314560K, used 21105K [0x00000000c0000000, 0x00000000d5550000, 0x00000000d5550000)
  eden space 279616K,   7% used [0x00000000c0000000, 0x00000000c149c668, 0x00000000d1110000)
  from space 34944K,   0% used [0x00000000d1110000, 0x00000000d1110000, 0x00000000d3330000)
  to   space 34944K,   0% used [0x00000000d3330000, 0x00000000d3330000, 0x00000000d5550000)
 concurrent mark-sweep generation total 699072K, used 159889K [0x00000000d5550000, 0x0000000100000000, 0x0000000100000000)
 Metaspace       used 57421K, capacity 58226K, committed 58904K, reserved 1099776K
  class space    used 7580K, capacity 7840K, committed 7960K, reserved 1048576K
Event: 53.173 GC heap after
Heap after GC invocations=96 (full 123):
 par new generation   total 314560K, used 7399K [0x00000000c0000000, 0x00000000d5550000, 0x00000000d5550000)
  eden space 279616K,   0% used [0x00000000c0000000, 0x00000000c0000000, 0x00000000d1110000)
  from space 34944K,  21% used [0x00000000d3330000, 0x00000000d3a69c28, 0x00000000d5550000)
  to   space 34944K,   0% used [0x00000000d1110000, 0x00000000d1110000, 0x00000000d3330000)
 concurrent mark-sweep generation total 699072K, used 159889K [0x00000000d5550000, 0x0000000100000000, 0x0000000100000000)
 Metaspace       used 57421K, capacity 58226K, committed 58904K, reserved 1099776K
  class space    used 7580K, capacity 7840K, committed 7960K, reserved 1048576K
}

